<?xml version="1.0" encoding="UTF-8"?>
<!-- Generated by org.testng.reporters.JUnitXMLReporter -->
<testsuite ignored="0" hostname="ER2204294" failures="0" tests="3" name="Submit Order Test" time="33.71" errors="0" timestamp="2024-04-27T16:07:05 IST">
  <testcase classname="rahulshettyacadamy.tests.SubmitOrderTest" name="SubmitOrder" time="19.145"/>
  <testcase classname="rahulshettyacadamy.tests.SubmitOrderTest" name="SubmitOrder" time="3.58"/>
  <testcase classname="rahulshettyacadamy.tests.SubmitOrderTest" name="orderHistoryTest" time="1.008"/>
</testsuite> <!-- Submit Order Test -->
