<?xml version="1.0" encoding="UTF-8"?>
<!-- Generated by org.testng.reporters.JUnitXMLReporter -->
<testsuite ignored="0" hostname="ER2204294" failures="1" tests="3" name="Error Validation Test" time="28.689" errors="0" timestamp="2024-04-27T19:17:50 IST">
  <testcase classname="rahulshettyacadamy.tests.ErrorValidations" name="getErrorMessage" time="0.713">
    <skipped/>
  </testcase> <!-- getErrorMessage -->
  <testcase classname="rahulshettyacadamy.tests.ErrorValidations" name="getErrorMessage" time="0.747">
    <failure type="java.lang.AssertionError" message="expected [Incorrect email or password.] but found [Incorrect email r password.]">
      <![CDATA[java.lang.AssertionError: expected [Incorrect email or password.] but found [Incorrect email r password.]
at rahulshettyacadamy.tests.ErrorValidations.getErrorMessage(ErrorValidations.java:27)
at java.base/java.util.ArrayList.forEach(ArrayList.java:1596)
at java.base/java.util.concurrent.FutureTask.run(FutureTask.java:317)
at java.base/java.util.concurrent.ThreadPoolExecutor.runWorker(ThreadPoolExecutor.java:1144)
at java.base/java.util.concurrent.ThreadPoolExecutor$Worker.run(ThreadPoolExecutor.java:642)
at java.base/java.lang.Thread.run(Thread.java:1583)
... Removed 21 stack frames]]>
    </failure>
  </testcase> <!-- getErrorMessage -->
  <testcase classname="rahulshettyacadamy.tests.ErrorValidations" name="getProductErrorMessage" time="14.712"/>
</testsuite> <!-- Error Validation Test -->
