<?xml version="1.0" encoding="UTF-8"?>
<!-- Generated by org.testng.reporters.JUnitXMLReporter -->
<testsuite ignored="0" hostname="ER2204294" failures="0" tests="3" name="Submit Order Test" time="41.576" errors="0" timestamp="2024-04-27T19:18:03 IST">
  <testcase classname="rahulshettyacadamy.tests.SubmitOrderTest" name="SubmitOrder" time="15.182"/>
  <testcase classname="rahulshettyacadamy.tests.SubmitOrderTest" name="SubmitOrder" time="14.357"/>
  <testcase classname="rahulshettyacadamy.tests.SubmitOrderTest" name="orderHistoryTest" time="0.92"/>
</testsuite> <!-- Submit Order Test -->
